This is pdfTeX, Version 3.1415926-2.5-1.40.14 (TeX Live 2013/Debian) (format=latex 2015.10.16)  14 APR 2016 14:52
entering extended mode
 restricted \write18 enabled.
 %&-line parsing enabled.
**makebst
(/home/fen/texmf/tex/latex/custom-bib/makebst.tex
LaTeX2e <2011/06/27>
Babel <3.9h> and hyphenation patterns for 2 languages loaded.
\outfile=\write3
\ttyin=\read1
\infile=\read2
\ttyout=\write4
\hours=\count79
\minutes=\count80
***********************************
* This is Make Bibliography Style *
***********************************
It makes up a docstrip batch job to produce
a customized .bst file for running with BibTeX
Do you want a description of the usage? (NO)

\yn=n

Enter the name of the MASTER file (default=merlin.mbs)

\mfile=no_url
*** Cannot find file `no_url.mbs'

Enter the name of the MASTER file (default=merlin.mbs)

\mfile=no_url.mbs
*** Cannot find file `no_url.mbs'

Enter the name of the MASTER file (default=merlin.mbs)

\mfile=

Name of the final OUTPUT .bst file? (default extension=bst)

\ofile=no_url

Give a comment line to include in the style file.
Something like for which journals it is applicable.

\ans=
\openout3 = `no_url.dbj'.

Do you want verbose comments? (NO)

\yn=n
(/home/fen/texmf/tex/latex/custom-bib/merlin.mbs
<<< For more information about the meanings of
<<< the various options, see the section on 
<<< Menu Information in the .mbs file documentation.

EXTERNAL FILES:

Name of language definition file (default=merlin.mbs)

\cfile=

Name of language file: \cfile=.

Include file(s) for extra journal names? (NO)

\yn=n

No included files.

INTERNAL LANGUAGE SUPPORT (if no external language file)
(*) English words used explicitly
(b) Babel (words replaced by commands defined in babelbst.tex)
  Select:

\ans=*
  You have selected: English

STYLE OF CITATIONS:
(*) Numerical as in standard LaTeX
(a) Author-year with some non-standard interface
(b) Alpha style, Jon90 or JWB90 for single or multiple authors
(o) Alpha style, Jon90 even for multiple authors
(f) Alpha style, Jones90 (full name of first author)
(c) Cite key (special for listing contents of bib file)
  Select:

\ans=a
  You have selected: Author-year

AUTHOR--YEAR SUPPORT SYSTEM (if author-year citations)
(*) Natbib for use with natbib v5.3 or later
(o) Older Natbib without full authors citations
(l) Apalike for use with apalike.sty
(h) Harvard system with harvard.sty
(a) Astronomy system with astron.sty
(c) Chicago system with chicago.sty
(n) Named system with named.sty
(d) Author-date system with authordate1-4.sty
  Select:

\ans=xz
  You have selected: Natbib

LANGUAGE FIELD
(*) No language field 
(l) Add language field to switch hyphenation patterns temporarily
  Select:

\ans=
  You have selected: No language field

ANNOTATIONS:
(*) No annotations will be recognized
(a) Annotations in annote field or in .tex file of citekey name
  Select:

\ans=^^X
! Text line contains an invalid character.
<read 1> ^^X
            
l.1606 \getans
              
? ^^X
Type <return> to proceed, S to scroll future error messages,
R to run without stopping, Q to run quietly,
I to insert something, E to edit your file,
H for help, X to quit.
? ^^X
Type <return> to proceed, S to scroll future error messages,
R to run without stopping, Q to run quietly,
I to insert something, E to edit your file,
H for help, X to quit.
? ^^X
Type <return> to proceed, S to scroll future error messages,
R to run without stopping, Q to run quietly,
I to insert something, E to edit your file,
H for help, X to quit.
? X
 
Here is how much of TeX's memory you used:
 141 strings out of 495029
 1233 string characters out of 6181522
 46098 words of memory out of 5000000
 3443 multiletter control sequences out of 15000+600000
 3640 words of font info for 14 fonts, out of 8000000 for 9000
 14 hyphenation exceptions out of 8191
 11i,0n,8p,153b,94s stack positions out of 5000i,500n,10000p,200000b,80000s
No pages of output.
