This is pdfTeX, Version 3.1415926-2.5-1.40.14 (TeX Live 2013/Debian) (format=pdflatex 2015.10.16)  10 MAY 2016 11:13
entering extended mode
 restricted \write18 enabled.
 %&-line parsing enabled.
**thesis
(./thesis.tex
LaTeX2e <2011/06/27>
Babel <3.9h> and hyphenation patterns for 2 languages loaded.
(./reedthesis.cls
Document Class: reedthesis 2004/01/27 The Reed College Thesis Class
(/usr/share/texlive/texmf-dist/tex/latex/base/book.cls
Document Class: book 2007/10/19 v1.4h Standard LaTeX document class
(/usr/share/texlive/texmf-dist/tex/latex/base/bk12.clo
File: bk12.clo 2007/10/19 v1.4h Standard LaTeX file (size option)
)
\c@part=\count79
\c@chapter=\count80
\c@section=\count81
\c@subsection=\count82
\c@subsubsection=\count83
\c@paragraph=\count84
\c@subparagraph=\count85
\c@figure=\count86
\c@table=\count87
\abovecaptionskip=\skip41
\belowcaptionskip=\skip42
\bibindent=\dimen102
)
(/usr/share/texlive/texmf-dist/tex/latex/fancyhdr/fancyhdr.sty
\fancy@headwidth=\skip43
\f@ncyO@elh=\skip44
\f@ncyO@erh=\skip45
\f@ncyO@olh=\skip46
\f@ncyO@orh=\skip47
\f@ncyO@elf=\skip48
\f@ncyO@erf=\skip49
\f@ncyO@olf=\skip50
\f@ncyO@orf=\skip51
))
(/usr/share/texlive/texmf-dist/tex/latex/graphics/graphicx.sty
Package: graphicx 1999/02/16 v1.0f Enhanced LaTeX Graphics (DPC,SPQR)

(/usr/share/texlive/texmf-dist/tex/latex/graphics/keyval.sty
Package: keyval 1999/03/16 v1.13 key=value parser (DPC)
\KV@toks@=\toks14
)
(/usr/share/texlive/texmf-dist/tex/latex/graphics/graphics.sty
Package: graphics 2009/02/05 v1.0o Standard LaTeX Graphics (DPC,SPQR)

(/usr/share/texlive/texmf-dist/tex/latex/graphics/trig.sty
Package: trig 1999/03/16 v1.09 sin cos tan (DPC)
)
(/usr/share/texlive/texmf-dist/tex/latex/latexconfig/graphics.cfg
File: graphics.cfg 2010/04/23 v1.9 graphics configuration of TeX Live
)
Package graphics Info: Driver file: pdftex.def on input line 91.

(/usr/share/texlive/texmf-dist/tex/latex/pdftex-def/pdftex.def
File: pdftex.def 2011/05/27 v0.06d Graphics/color for pdfTeX

(/usr/share/texlive/texmf-dist/tex/generic/oberdiek/infwarerr.sty
Package: infwarerr 2010/04/08 v1.3 Providing info/warning/error messages (HO)
)
(/usr/share/texlive/texmf-dist/tex/generic/oberdiek/ltxcmds.sty
Package: ltxcmds 2011/11/09 v1.22 LaTeX kernel commands for general use (HO)
)
\Gread@gobject=\count88
))
\Gin@req@height=\dimen103
\Gin@req@width=\dimen104
)
(/usr/share/texlive/texmf-dist/tex/latex/base/latexsym.sty
Package: latexsym 1998/08/17 v2.2e Standard LaTeX package (lasy symbols)
\symlasy=\mathgroup4
LaTeX Font Info:    Overwriting symbol font `lasy' in version `bold'
(Font)                  U/lasy/m/n --> U/lasy/b/n on input line 47.
)
(/usr/share/texlive/texmf-dist/tex/latex/caption/caption.sty
Package: caption 2013/05/02 v3.3-89 Customizing captions (AR)

(/usr/share/texlive/texmf-dist/tex/latex/caption/caption3.sty
Package: caption3 2013/05/02 v1.6-88 caption3 kernel (AR)
Package caption3 Info: TeX engine: e-TeX on input line 57.
\captionmargin=\dimen105
\captionmargin@=\dimen106
\captionwidth=\dimen107
\caption@tempdima=\dimen108
\caption@indent=\dimen109
\caption@parindent=\dimen110
\caption@hangindent=\dimen111
)
\c@ContinuedFloat=\count89
)
(/usr/share/texlive/texmf-dist/tex/latex/listings/listings.sty
\lst@mode=\count90
\lst@gtempboxa=\box26
\lst@token=\toks15
\lst@length=\count91
\lst@currlwidth=\dimen112
\lst@column=\count92
\lst@pos=\count93
\lst@lostspace=\dimen113
\lst@width=\dimen114
\lst@newlines=\count94
\lst@lineno=\count95
\lst@maxwidth=\dimen115

(/usr/share/texlive/texmf-dist/tex/latex/listings/lstmisc.sty
File: lstmisc.sty 2013/08/26 1.5b (Carsten Heinz)
\c@lstnumber=\count96
\lst@skipnumbers=\count97
\lst@framebox=\box27
)
(/usr/share/texlive/texmf-dist/tex/latex/listings/listings.cfg
File: listings.cfg 2013/08/26 1.5b listings configuration
))
Package: listings 2013/08/26 1.5b (Carsten Heinz)

(/usr/share/texlive/texmf-dist/tex/latex/caption/subcaption.sty
Package: subcaption 2013/02/03 v1.1-62 Sub-captions (AR)
\c@subfigure=\count98
\c@subtable=\count99
)
(/usr/share/texlive/texmf-dist/tex/latex/amsfonts/amssymb.sty
Package: amssymb 2013/01/14 v3.01 AMS font symbols

(/usr/share/texlive/texmf-dist/tex/latex/amsfonts/amsfonts.sty
Package: amsfonts 2013/01/14 v3.01 Basic AMSFonts support
\@emptytoks=\toks16
\symAMSa=\mathgroup5
\symAMSb=\mathgroup6
LaTeX Font Info:    Overwriting math alphabet `\mathfrak' in version `bold'
(Font)                  U/euf/m/n --> U/euf/b/n on input line 106.
))
(/usr/share/texlive/texmf-dist/tex/latex/amscls/amsthm.sty
Package: amsthm 2004/08/06 v2.20
\thm@style=\toks17
\thm@bodyfont=\toks18
\thm@headfont=\toks19
\thm@notefont=\toks20
\thm@headpunct=\toks21
\thm@preskip=\skip52
\thm@postskip=\skip53
\thm@headsep=\skip54
\dth@everypar=\toks22
)
(/usr/share/texlive/texmf-dist/tex/latex/amsmath/amsmath.sty
Package: amsmath 2013/01/14 v2.14 AMS math features
\@mathmargin=\skip55

For additional information on amsmath, use the `?' option.
(/usr/share/texlive/texmf-dist/tex/latex/amsmath/amstext.sty
Package: amstext 2000/06/29 v2.01

(/usr/share/texlive/texmf-dist/tex/latex/amsmath/amsgen.sty
File: amsgen.sty 1999/11/30 v2.0
\@emptytoks=\toks23
\ex@=\dimen116
))
(/usr/share/texlive/texmf-dist/tex/latex/amsmath/amsbsy.sty
Package: amsbsy 1999/11/29 v1.2d
\pmbraise@=\dimen117
)
(/usr/share/texlive/texmf-dist/tex/latex/amsmath/amsopn.sty
Package: amsopn 1999/12/14 v2.01 operator names
)
\inf@bad=\count100
LaTeX Info: Redefining \frac on input line 210.
\uproot@=\count101
\leftroot@=\count102
LaTeX Info: Redefining \overline on input line 306.
\classnum@=\count103
\DOTSCASE@=\count104
LaTeX Info: Redefining \ldots on input line 378.
LaTeX Info: Redefining \dots on input line 381.
LaTeX Info: Redefining \cdots on input line 466.
\Mathstrutbox@=\box28
\strutbox@=\box29
\big@size=\dimen118
LaTeX Font Info:    Redeclaring font encoding OML on input line 566.
LaTeX Font Info:    Redeclaring font encoding OMS on input line 567.
\macc@depth=\count105
\c@MaxMatrixCols=\count106
\dotsspace@=\muskip10
\c@parentequation=\count107
\dspbrk@lvl=\count108
\tag@help=\toks24
\row@=\count109
\column@=\count110
\maxfields@=\count111
\andhelp@=\toks25
\eqnshift@=\dimen119
\alignsep@=\dimen120
\tagshift@=\dimen121
\tagwidth@=\dimen122
\totwidth@=\dimen123
\lineht@=\dimen124
\@envbody=\toks26
\multlinegap=\skip56
\multlinetaggap=\skip57
\mathdisplay@stack=\toks27
LaTeX Info: Redefining \[ on input line 2665.
LaTeX Info: Redefining \] on input line 2666.
)
(/usr/share/texlive/texmf-dist/tex/latex/tools/longtable.sty
Package: longtable 2004/02/01 v4.11 Multi-page Table package (DPC)
\LTleft=\skip58
\LTright=\skip59
\LTpre=\skip60
\LTpost=\skip61
\LTchunksize=\count112
\LTcapwidth=\dimen125
\LT@head=\box30
\LT@firsthead=\box31
\LT@foot=\box32
\LT@lastfoot=\box33
\LT@cols=\count113
\LT@rows=\count114
\c@LT@tables=\count115
\c@LT@chunks=\count116
\LT@p@ftn=\toks28
)
(/usr/share/texlive/texmf-dist/tex/latex/booktabs/booktabs.sty
Package: booktabs 2005/04/14 v1.61803 publication quality tables
\heavyrulewidth=\dimen126
\lightrulewidth=\dimen127
\cmidrulewidth=\dimen128
\belowrulesep=\dimen129
\belowbottomsep=\dimen130
\aboverulesep=\dimen131
\abovetopsep=\dimen132
\cmidrulesep=\dimen133
\cmidrulekern=\dimen134
\defaultaddspace=\dimen135
\@cmidla=\count117
\@cmidlb=\count118
\@aboverulesep=\dimen136
\@belowrulesep=\dimen137
\@thisruleclass=\count119
\@lastruleclass=\count120
\@thisrulewidth=\dimen138
)
(/usr/share/texlive/texmf-dist/tex/latex/setspace/setspace.sty
Package: setspace 2011/12/19 v6.7a set line spacing
)
(/usr/share/texlive/texmf-dist/tex/latex/url/url.sty
\Urlmuskip=\muskip11
Package: url 2013/09/16  ver 3.4  Verb mode for urls, etc.
)
(/usr/share/texlive/texmf-dist/tex/latex/rotating/rotating.sty
Package: rotating 2009/03/28 v2.16a rotated objects in LaTeX

(/usr/share/texlive/texmf-dist/tex/latex/base/ifthen.sty
Package: ifthen 2001/05/26 v1.1c Standard LaTeX ifthen package (DPC)
)
\c@r@tfl@t=\count121
\rotFPtop=\skip62
\rotFPbot=\skip63
\rot@float@box=\box34
\rot@mess@toks=\toks29
)
(/usr/share/texlive/texmf-dist/tex/latex/natbib/natbib.sty
Package: natbib 2010/09/13 8.31b (PWD, AO)
\bibhang=\skip64
\bibsep=\skip65
LaTeX Info: Redefining \cite on input line 694.
\c@NAT@ctr=\count122
)
(/usr/share/texlive/texmf-dist/tex/latex/base/fixltx2e.sty
Package: fixltx2e 2006/09/13 v1.1m fixes to LaTeX
LaTeX Info: Redefining \em on input line 420.
LaTeX Info: The control sequence `\[' is already robust on input line 471.
LaTeX Info: The control sequence `\]' is already robust on input line 472.
)
(/usr/share/texlive/texmf-dist/tex/latex/adjustbox/adjustbox.sty
Package: adjustbox 2012/05/21 v1.0 Adjusting TeX boxes (trim, clip, ...)

(/usr/share/texlive/texmf-dist/tex/latex/xkeyval/xkeyval.sty
Package: xkeyval 2012/10/14 v2.6b package option processing (HA)

(/usr/share/texlive/texmf-dist/tex/generic/xkeyval/xkeyval.tex
\XKV@toks=\toks30
\XKV@tempa@toks=\toks31
\XKV@depth=\count123
File: xkeyval.tex 2012/10/14 v2.6b key=value parser (HA)
))
(/usr/share/texlive/texmf-dist/tex/latex/adjustbox/adjcalc.sty
Package: adjcalc 2012/05/16 v1.1 Provides advanced setlength with multiple back
-ends (calc, etex, pgfmath)
)
(/usr/share/texlive/texmf-dist/tex/latex/adjustbox/trimclip.sty
Package: trimclip 2012/05/16 v1.0 Trim and clip general TeX material

(/usr/share/texlive/texmf-dist/tex/latex/collectbox/collectbox.sty
Package: collectbox 2012/05/17 v0.4b Collect macro arguments as boxes
\collectedbox=\box35
)
\tc@llx=\dimen139
\tc@lly=\dimen140
\tc@urx=\dimen141
\tc@ury=\dimen142
Package trimclip Info: Using driver 'tc-pdftex.def'.

(/usr/share/texlive/texmf-dist/tex/latex/adjustbox/tc-pdftex.def
File: tc-pdftex.def 2012/05/13 v1.0 Clipping driver for pdftex
))
\adjbox@Width=\dimen143
\adjbox@Height=\dimen144
\adjbox@Depth=\dimen145
\adjbox@Totalheight=\dimen146

(/usr/share/texlive/texmf-dist/tex/latex/ifoddpage/ifoddpage.sty
Package: ifoddpage 2011/09/13 v1.0 Conditionals for odd/even page detection
\c@checkoddpage=\count124
)
(/usr/share/texlive/texmf-dist/tex/latex/varwidth/varwidth.sty
Package: varwidth 2009/03/30 ver 0.92;  Variable-width minipages
\@vwid@box=\box36
\sift@deathcycles=\count125
\@vwid@loff=\dimen147
\@vwid@roff=\dimen148
))
(/usr/share/texlive/texmf-dist/tex/latex/units/nicefrac.sty
Package: nicefrac 1998/08/04 v0.9b Nice fractions
\L@UnitsRaiseDisplaystyle=\skip66
\L@UnitsRaiseTextstyle=\skip67
\L@UnitsRaiseScriptstyle=\skip68
)
(/usr/share/texlive/texmf-dist/tex/latex/wrapfig/wrapfig.sty
\wrapoverhang=\dimen149
\WF@size=\dimen150
\c@WF@wrappedlines=\count126
\WF@box=\box37
\WF@everypar=\toks32
Package: wrapfig 2003/01/31  v 3.6
)
(/usr/share/texlive/texmf-dist/tex/latex/graphics/lscape.sty
Package: lscape 2000/10/22 v3.01 Landscape Pages (DPC)
)
(/usr/share/texlive/texmf-dist/tex/latex/oberdiek/epstopdf.sty
Package: epstopdf 2010/02/09 v2.5 Conversion with epstopdf on the fly (HO)

(/usr/share/texlive/texmf-dist/tex/latex/oberdiek/epstopdf-base.sty
Package: epstopdf-base 2010/02/09 v2.5 Base part for package epstopdf

(/usr/share/texlive/texmf-dist/tex/latex/oberdiek/grfext.sty
Package: grfext 2010/08/19 v1.1 Manage graphics extensions (HO)

(/usr/share/texlive/texmf-dist/tex/generic/oberdiek/kvdefinekeys.sty
Package: kvdefinekeys 2011/04/07 v1.3 Define keys (HO)
))
(/usr/share/texlive/texmf-dist/tex/latex/oberdiek/kvoptions.sty
Package: kvoptions 2011/06/30 v3.11 Key value format for package options (HO)

(/usr/share/texlive/texmf-dist/tex/generic/oberdiek/kvsetkeys.sty
Package: kvsetkeys 2012/04/25 v1.16 Key value parser (HO)

(/usr/share/texlive/texmf-dist/tex/generic/oberdiek/etexcmds.sty
Package: etexcmds 2011/02/16 v1.5 Avoid name clashes with e-TeX commands (HO)

(/usr/share/texlive/texmf-dist/tex/generic/oberdiek/ifluatex.sty
Package: ifluatex 2010/03/01 v1.3 Provides the ifluatex switch (HO)
Package ifluatex Info: LuaTeX not detected.
)
Package etexcmds Info: Could not find \expanded.
(etexcmds)             That can mean that you are not using pdfTeX 1.50 or
(etexcmds)             that some package has redefined \expanded.
(etexcmds)             In the latter case, load this package earlier.
)))
(/usr/share/texlive/texmf-dist/tex/generic/oberdiek/pdftexcmds.sty
Package: pdftexcmds 2011/11/29 v0.20 Utility functions of pdfTeX for LuaTeX (HO
)

(/usr/share/texlive/texmf-dist/tex/generic/oberdiek/ifpdf.sty
Package: ifpdf 2011/01/30 v2.3 Provides the ifpdf switch (HO)
Package ifpdf Info: pdfTeX in PDF mode is detected.
)
Package pdftexcmds Info: LuaTeX not detected.
Package pdftexcmds Info: \pdf@primitive is available.
Package pdftexcmds Info: \pdf@ifprimitive is available.
Package pdftexcmds Info: \pdfdraftmode found.
)
Package grfext Info: Graphics extension search list:
(grfext)             [.png,.pdf,.jpg,.mps,.jpeg,.jbig2,.jb2,.PNG,.PDF,.JPG,.JPE
G,.JBIG2,.JB2,.eps]
(grfext)             \AppendGraphicsExtensions on input line 452.

(/usr/share/texlive/texmf-dist/tex/latex/latexconfig/epstopdf-sys.cfg
File: epstopdf-sys.cfg 2010/07/13 v1.3 Configuration of (r)epstopdf for TeX Liv
e
)))
(/usr/share/texlive/texmf-dist/tex/latex/titlesec/titlesec.sty
Package: titlesec 2011/12/15 v2.10.0 Sectioning titles
\ttl@box=\box38
\beforetitleunit=\skip69
\aftertitleunit=\skip70
\ttl@plus=\dimen151
\ttl@minus=\dimen152
\ttl@toksa=\toks33
\titlewidth=\dimen153
\titlewidthlast=\dimen154
\titlewidthfirst=\dimen155
)
(/usr/share/texlive/texmf-dist/tex/latex/glossaries/base/glossaries.sty
Package: glossaries 2014/01/20 v4.03 (NLCT)

(/usr/share/texlive/texmf-dist/tex/latex/glossaries/base/mfirstuc.sty
Package: mfirstuc 2013/11/04 v1.08 (NLCT)

(/usr/share/texlive/texmf-dist/tex/latex/etoolbox/etoolbox.sty
Package: etoolbox 2011/01/03 v2.1 e-TeX tools for LaTeX

(/usr/share/texlive/texmf-dist/tex/latex/etex-pkg/etex.sty
Package: etex 1998/03/26 v2.0 eTeX basic definition package (PEB)
\et@xins=\count127
)
\etb@tempcnta=\count128
)
\@glsmfirst=\toks34
\@glsmrest=\toks35
)
(/usr/share/texlive/texmf-dist/tex/latex/textcase/textcase.sty
Package: textcase 2004/10/07 v0.07 Text only upper/lower case changing (DPC)
)
(/usr/share/texlive/texmf-dist/tex/latex/xfor/xfor.sty
Package: xfor 2009/02/05 v1.05 (NLCT)
)
(/usr/share/texlive/texmf-dist/tex/latex/datatool/datatool-base.sty
Package: datatool-base 2013/09/06 v2.18 (NLCT)

(/usr/share/texlive/texmf-dist/tex/latex/substr/substr.sty
Package: substr 2009/10/20 v1.2 Handle substrings
\c@su@anzahl=\count129
)
(/usr/share/texlive/texmf-dist/tex/latex/datatool/datatool-fp.sty
Package: datatool-fp 2013/08/29 v2.17 (NLCT)

(/usr/share/texlive/texmf-dist/tex/latex/fp/fp.sty
Package: fp 1995/04/02

`Fixed Point Package', Version 0.8, April 2, 1995 (C) Michael Mehlich
(/usr/share/texlive/texmf-dist/tex/latex/fp/defpattern.sty
Package: defpattern 1994/10/12
\actioncount=\count130
)
(/usr/share/texlive/texmf-dist/tex/latex/fp/fp-basic.sty
Package: fp-basic 1996/05/13
\FP@xs=\count131
\FP@xia=\count132
\FP@xib=\count133
\FP@xfa=\count134
\FP@xfb=\count135
\FP@rega=\count136
\FP@regb=\count137
\FP@regs=\count138
\FP@times=\count139
)
(/usr/share/texlive/texmf-dist/tex/latex/fp/fp-addons.sty
Package: fp-addons 1995/03/15
)
(/usr/share/texlive/texmf-dist/tex/latex/fp/fp-snap.sty
Package: fp-snap 1995/04/05
)
(/usr/share/texlive/texmf-dist/tex/latex/fp/fp-exp.sty
Package: fp-exp 1995/04/03
)
(/usr/share/texlive/texmf-dist/tex/latex/fp/fp-trigo.sty
Package: fp-trigo 1995/04/14
)
(/usr/share/texlive/texmf-dist/tex/latex/fp/fp-pas.sty
Package: fp-pas 1994/08/29
)
(/usr/share/texlive/texmf-dist/tex/latex/fp/fp-random.sty
Package: fp-random 1995/02/23
\FPseed=\count140
)
(/usr/share/texlive/texmf-dist/tex/latex/fp/fp-eqn.sty
Package: fp-eqn 1995/04/03
)
(/usr/share/texlive/texmf-dist/tex/latex/fp/fp-upn.sty
Package: fp-upn 1996/10/21
)
(/usr/share/texlive/texmf-dist/tex/latex/fp/fp-eval.sty
Package: fp-eval 1995/04/03
)))
\@dtl@toks=\toks36
\@dtl@tmpcount=\count141
\dtl@tmplength=\skip71
\dtl@sortresult=\count142
\@dtl@numgrpsepcount=\count143
\@dtl@datatype=\count144
\dtl@codeA=\count145
\dtl@codeB=\count146
\@dtl@foreach@level=\count147
)
(/usr/share/texlive/texmf-dist/tex/latex/glossaries/base/glossaries-compatible-
307.sty
Package: glossaries-compatible-307 2013/11/14 v4.0 (NLCT)
)
\gls@level=\count148
\@gls@tmpb=\toks37
\gls@tmplen=\skip72
\glswrite=\write3
\glskeylisttok=\toks38
\glslabeltok=\toks39
\glsshorttok=\toks40
\glslongtok=\toks41

(/usr/share/texlive/texmf-dist/tex/latex/glossaries/styles/glossary-hypernav.st
y
Package: glossary-hypernav 2013/11/14 v4.0 (NLCT)
) (/usr/share/texlive/texmf-dist/tex/latex/glossaries/styles/glossary-list.sty
Package: glossary-list 2013/11/14 v4.0 (NLCT)
\glslistdottedwidth=\skip73
) (/usr/share/texlive/texmf-dist/tex/latex/glossaries/styles/glossary-long.sty
Package: glossary-long 2013/11/14 v4.0 (NLCT)
\glsdescwidth=\skip74
\glspagelistwidth=\skip75
) (/usr/share/texlive/texmf-dist/tex/latex/glossaries/styles/glossary-super.sty
Package: glossary-super 2013/11/14 v4.0 (NLCT)

(/usr/share/texlive/texmf-dist/tex/latex/supertabular/supertabular.sty
Package: supertabular 2004/02/20 v4.1e the supertabular environment
\c@tracingst=\count149
\ST@wd=\dimen156
\ST@rightskip=\skip76
\ST@leftskip=\skip77
\ST@parfillskip=\skip78
\ST@pageleft=\dimen157
\ST@headht=\dimen158
\ST@tailht=\dimen159
\ST@pagesofar=\dimen160
\ST@pboxht=\dimen161
\ST@lineht=\dimen162
\ST@stretchht=\dimen163
\ST@prevht=\dimen164
\ST@toadd=\dimen165
\ST@dimen=\dimen166
\ST@pbox=\box39
))
(/usr/share/texlive/texmf-dist/tex/latex/glossaries/styles/glossary-tree.sty
Package: glossary-tree 2013/11/14 v4.0 (NLCT)
\glstreeindent=\skip79
))
(/usr/share/texmf/tex/latex/pgf/frontendlayer/tikz.sty
(/usr/share/texmf/tex/latex/pgf/basiclayer/pgf.sty
(/usr/share/texmf/tex/latex/pgf/utilities/pgfrcs.sty
(/usr/share/texmf/tex/generic/pgf/utilities/pgfutil-common.tex
\pgfutil@everybye=\toks42
)
(/usr/share/texmf/tex/generic/pgf/utilities/pgfutil-latex.def
\pgfutil@abb=\box40

(/usr/share/texlive/texmf-dist/tex/latex/ms/everyshi.sty
Package: everyshi 2001/05/15 v3.00 EveryShipout Package (MS)
))
(/usr/share/texmf/tex/generic/pgf/utilities/pgfrcs.code.tex
Package: pgfrcs 2010/10/25 v2.10 (rcs-revision 1.24)
))
Package: pgf 2008/01/15 v2.10 (rcs-revision 1.12)

(/usr/share/texmf/tex/latex/pgf/basiclayer/pgfcore.sty
(/usr/share/texmf/tex/latex/pgf/systemlayer/pgfsys.sty
(/usr/share/texmf/tex/generic/pgf/systemlayer/pgfsys.code.tex
Package: pgfsys 2010/06/30 v2.10 (rcs-revision 1.37)

(/usr/share/texmf/tex/generic/pgf/utilities/pgfkeys.code.tex
\pgfkeys@pathtoks=\toks43
\pgfkeys@temptoks=\toks44

(/usr/share/texmf/tex/generic/pgf/utilities/pgfkeysfiltered.code.tex
\pgfkeys@tmptoks=\toks45
))
\pgf@x=\dimen167
\pgf@y=\dimen168
\pgf@xa=\dimen169
\pgf@ya=\dimen170
\pgf@xb=\dimen171
\pgf@yb=\dimen172
\pgf@xc=\dimen173
\pgf@yc=\dimen174
\w@pgf@writea=\write4
\r@pgf@reada=\read1
\c@pgf@counta=\count150
\c@pgf@countb=\count151
\c@pgf@countc=\count152
\c@pgf@countd=\count153

(/usr/share/texmf/tex/generic/pgf/systemlayer/pgf.cfg
File: pgf.cfg 2008/05/14  (rcs-revision 1.7)
)
Package pgfsys Info: Driver file for pgf: pgfsys-pdftex.def on input line 900.

(/usr/share/texmf/tex/generic/pgf/systemlayer/pgfsys-pdftex.def
File: pgfsys-pdftex.def 2009/05/22  (rcs-revision 1.26)

(/usr/share/texmf/tex/generic/pgf/systemlayer/pgfsys-common-pdf.def
File: pgfsys-common-pdf.def 2008/05/19  (rcs-revision 1.10)
)))
(/usr/share/texmf/tex/generic/pgf/systemlayer/pgfsyssoftpath.code.tex
File: pgfsyssoftpath.code.tex 2008/07/18  (rcs-revision 1.7)
\pgfsyssoftpath@smallbuffer@items=\count154
\pgfsyssoftpath@bigbuffer@items=\count155
)
(/usr/share/texmf/tex/generic/pgf/systemlayer/pgfsysprotocol.code.tex
File: pgfsysprotocol.code.tex 2006/10/16  (rcs-revision 1.4)
))
(/usr/share/texmf/tex/latex/xcolor/xcolor.sty
Package: xcolor 2007/01/21 v2.11 LaTeX color extensions (UK)

(/usr/share/texlive/texmf-dist/tex/latex/latexconfig/color.cfg
File: color.cfg 2007/01/18 v1.5 color configuration of teTeX/TeXLive
)
Package xcolor Info: Driver file: pdftex.def on input line 225.
Package xcolor Info: Model `cmy' substituted by `cmy0' on input line 1337.
Package xcolor Info: Model `hsb' substituted by `rgb' on input line 1341.
Package xcolor Info: Model `RGB' extended on input line 1353.
Package xcolor Info: Model `HTML' substituted by `rgb' on input line 1355.
Package xcolor Info: Model `Hsb' substituted by `hsb' on input line 1356.
Package xcolor Info: Model `tHsb' substituted by `hsb' on input line 1357.
Package xcolor Info: Model `HSB' substituted by `hsb' on input line 1358.
Package xcolor Info: Model `Gray' substituted by `gray' on input line 1359.
Package xcolor Info: Model `wave' substituted by `hsb' on input line 1360.
)
(/usr/share/texmf/tex/generic/pgf/basiclayer/pgfcore.code.tex
Package: pgfcore 2010/04/11 v2.10 (rcs-revision 1.7)

(/usr/share/texmf/tex/generic/pgf/math/pgfmath.code.tex
(/usr/share/texmf/tex/generic/pgf/math/pgfmathcalc.code.tex
(/usr/share/texmf/tex/generic/pgf/math/pgfmathutil.code.tex)
(/usr/share/texmf/tex/generic/pgf/math/pgfmathparser.code.tex
\pgfmath@dimen=\dimen175
\pgfmath@count=\count156
\pgfmath@box=\box41
\pgfmath@toks=\toks46
\pgfmath@stack@operand=\toks47
\pgfmath@stack@operation=\toks48
)
(/usr/share/texmf/tex/generic/pgf/math/pgfmathfunctions.code.tex
(/usr/share/texmf/tex/generic/pgf/math/pgfmathfunctions.basic.code.tex)
(/usr/share/texmf/tex/generic/pgf/math/pgfmathfunctions.trigonometric.code.tex)
(/usr/share/texmf/tex/generic/pgf/math/pgfmathfunctions.random.code.tex)
(/usr/share/texmf/tex/generic/pgf/math/pgfmathfunctions.comparison.code.tex)
(/usr/share/texmf/tex/generic/pgf/math/pgfmathfunctions.base.code.tex)
(/usr/share/texmf/tex/generic/pgf/math/pgfmathfunctions.round.code.tex)
(/usr/share/texmf/tex/generic/pgf/math/pgfmathfunctions.misc.code.tex)))
(/usr/share/texmf/tex/generic/pgf/math/pgfmathfloat.code.tex
\c@pgfmathroundto@lastzeros=\count157
))
(/usr/share/texmf/tex/generic/pgf/basiclayer/pgfcorepoints.code.tex
File: pgfcorepoints.code.tex 2010/04/09  (rcs-revision 1.20)
\pgf@picminx=\dimen176
\pgf@picmaxx=\dimen177
\pgf@picminy=\dimen178
\pgf@picmaxy=\dimen179
\pgf@pathminx=\dimen180
\pgf@pathmaxx=\dimen181
\pgf@pathminy=\dimen182
\pgf@pathmaxy=\dimen183
\pgf@xx=\dimen184
\pgf@xy=\dimen185
\pgf@yx=\dimen186
\pgf@yy=\dimen187
\pgf@zx=\dimen188
\pgf@zy=\dimen189
)
(/usr/share/texmf/tex/generic/pgf/basiclayer/pgfcorepathconstruct.code.tex
File: pgfcorepathconstruct.code.tex 2010/08/03  (rcs-revision 1.24)
\pgf@path@lastx=\dimen190
\pgf@path@lasty=\dimen191
)
(/usr/share/texmf/tex/generic/pgf/basiclayer/pgfcorepathusage.code.tex
File: pgfcorepathusage.code.tex 2008/04/22  (rcs-revision 1.12)
\pgf@shorten@end@additional=\dimen192
\pgf@shorten@start@additional=\dimen193
)
(/usr/share/texmf/tex/generic/pgf/basiclayer/pgfcorescopes.code.tex
File: pgfcorescopes.code.tex 2010/09/08  (rcs-revision 1.34)
\pgfpic=\box42
\pgf@hbox=\box43
\pgf@layerbox@main=\box44
\pgf@picture@serial@count=\count158
)
(/usr/share/texmf/tex/generic/pgf/basiclayer/pgfcoregraphicstate.code.tex
File: pgfcoregraphicstate.code.tex 2008/04/22  (rcs-revision 1.9)
\pgflinewidth=\dimen194
)
(/usr/share/texmf/tex/generic/pgf/basiclayer/pgfcoretransformations.code.tex
File: pgfcoretransformations.code.tex 2009/06/10  (rcs-revision 1.11)
\pgf@pt@x=\dimen195
\pgf@pt@y=\dimen196
\pgf@pt@temp=\dimen197
)
(/usr/share/texmf/tex/generic/pgf/basiclayer/pgfcorequick.code.tex
File: pgfcorequick.code.tex 2008/10/09  (rcs-revision 1.3)
)
(/usr/share/texmf/tex/generic/pgf/basiclayer/pgfcoreobjects.code.tex
File: pgfcoreobjects.code.tex 2006/10/11  (rcs-revision 1.2)
)
(/usr/share/texmf/tex/generic/pgf/basiclayer/pgfcorepathprocessing.code.tex
File: pgfcorepathprocessing.code.tex 2008/10/09  (rcs-revision 1.8)
)
(/usr/share/texmf/tex/generic/pgf/basiclayer/pgfcorearrows.code.tex
File: pgfcorearrows.code.tex 2008/04/23  (rcs-revision 1.11)
)
(/usr/share/texmf/tex/generic/pgf/basiclayer/pgfcoreshade.code.tex
File: pgfcoreshade.code.tex 2008/11/23  (rcs-revision 1.13)
\pgf@max=\dimen198
\pgf@sys@shading@range@num=\count159
)
(/usr/share/texmf/tex/generic/pgf/basiclayer/pgfcoreimage.code.tex
File: pgfcoreimage.code.tex 2010/03/25  (rcs-revision 1.16)

(/usr/share/texmf/tex/generic/pgf/basiclayer/pgfcoreexternal.code.tex
File: pgfcoreexternal.code.tex 2010/09/01  (rcs-revision 1.17)
\pgfexternal@startupbox=\box45
))
(/usr/share/texmf/tex/generic/pgf/basiclayer/pgfcorelayers.code.tex
File: pgfcorelayers.code.tex 2010/08/27  (rcs-revision 1.2)
)
(/usr/share/texmf/tex/generic/pgf/basiclayer/pgfcoretransparency.code.tex
File: pgfcoretransparency.code.tex 2008/01/17  (rcs-revision 1.2)
)
(/usr/share/texmf/tex/generic/pgf/basiclayer/pgfcorepatterns.code.tex
File: pgfcorepatterns.code.tex 2009/07/02  (rcs-revision 1.3)
)))
(/usr/share/texmf/tex/generic/pgf/modules/pgfmoduleshapes.code.tex
File: pgfmoduleshapes.code.tex 2010/09/09  (rcs-revision 1.13)
\pgfnodeparttextbox=\box46
)
(/usr/share/texmf/tex/generic/pgf/modules/pgfmoduleplot.code.tex
File: pgfmoduleplot.code.tex 2010/10/22  (rcs-revision 1.8)
)
(/usr/share/texmf/tex/latex/pgf/compatibility/pgfcomp-version-0-65.sty
Package: pgfcomp-version-0-65 2007/07/03 v2.10 (rcs-revision 1.7)
\pgf@nodesepstart=\dimen199
\pgf@nodesepend=\dimen200
)
(/usr/share/texmf/tex/latex/pgf/compatibility/pgfcomp-version-1-18.sty
Package: pgfcomp-version-1-18 2007/07/23 v2.10 (rcs-revision 1.1)
))
(/usr/share/texmf/tex/latex/pgf/utilities/pgffor.sty
(/usr/share/texmf/tex/latex/pgf/utilities/pgfkeys.sty
(/usr/share/texmf/tex/generic/pgf/utilities/pgfkeys.code.tex))
(/usr/share/texmf/tex/generic/pgf/utilities/pgffor.code.tex
Package: pgffor 2010/03/23 v2.10 (rcs-revision 1.18)
\pgffor@iter=\dimen201
\pgffor@skip=\dimen202
\pgffor@stack=\toks49
\pgffor@toks=\toks50
))
(/usr/share/texmf/tex/generic/pgf/frontendlayer/tikz/tikz.code.tex
Package: tikz 2010/10/13 v2.10 (rcs-revision 1.76)

(/usr/share/texmf/tex/generic/pgf/libraries/pgflibraryplothandlers.code.tex
File: pgflibraryplothandlers.code.tex 2010/05/31 v2.10 (rcs-revision 1.15)
\pgf@plot@mark@count=\count160
\pgfplotmarksize=\dimen203
)
\tikz@lastx=\dimen204
\tikz@lasty=\dimen205
\tikz@lastxsaved=\dimen206
\tikz@lastysaved=\dimen207
\tikzleveldistance=\dimen208
\tikzsiblingdistance=\dimen209
\tikz@figbox=\box47
\tikz@tempbox=\box48
\tikztreelevel=\count161
\tikznumberofchildren=\count162
\tikznumberofcurrentchild=\count163
\tikz@fig@count=\count164

(/usr/share/texmf/tex/generic/pgf/modules/pgfmodulematrix.code.tex
File: pgfmodulematrix.code.tex 2010/08/24  (rcs-revision 1.4)
\pgfmatrixcurrentrow=\count165
\pgfmatrixcurrentcolumn=\count166
\pgf@matrix@numberofcolumns=\count167
)
\tikz@expandcount=\count168

(/usr/share/texmf/tex/generic/pgf/frontendlayer/tikz/libraries/tikzlibrarytopat
hs.code.tex
File: tikzlibrarytopaths.code.tex 2008/06/17 v2.10 (rcs-revision 1.2)
))) (/usr/share/texlive/texmf-dist/tex/latex/colortbl/colortbl.sty
Package: colortbl 2012/02/13 v1.0a Color table columns (DPC)

(/usr/share/texlive/texmf-dist/tex/latex/tools/array.sty
Package: array 2008/09/09 v2.4c Tabular extension package (FMi)
\col@sep=\dimen210
\extrarowheight=\dimen211
\NC@list=\toks51
\extratabsurround=\skip80
\backup@length=\skip81
)
\everycr=\toks52
\minrowclearance=\skip82
)
(/usr/share/texlive/texmf-dist/tex/latex/pgfplots/pgfplotstable.sty
(/usr/share/texlive/texmf-dist/tex/generic/pgfplots/pgfplots.revision.tex)
Package: pgfplotstable 2013/10/03 v1.9 Table typesetting and Pretty-printing (1
.9)

(/usr/share/texlive/texmf-dist/tex/latex/pgfplots/pgfplots.sty
(/usr/share/texlive/texmf-dist/tex/generic/pgfplots/pgfplots.revision.tex)
Package: pgfplots 2013/10/03 v1.9 Data Visualization (1.9)

(/usr/share/texlive/texmf-dist/tex/generic/pgfplots/pgfplots.code.tex
(/usr/share/texlive/texmf-dist/tex/generic/pgfplots/pgfplotscore.code.tex
\t@pgfplots@toka=\toks53
\t@pgfplots@tokb=\toks54
\t@pgfplots@tokc=\toks55
\pgfplots@tmpa=\dimen212
\c@pgfplots@coordindex=\count169
\c@pgfplots@scanlineindex=\count170

(/usr/share/texlive/texmf-dist/tex/generic/pgfplots/sys/pgfplotssysgeneric.code
.tex))
(/usr/share/texlive/texmf-dist/tex/generic/pgfplots/libs/pgfplotslibrary.code.t
ex)
(/usr/share/texlive/texmf-dist/tex/generic/pgfplots/oldpgfcompatib/pgfplotsoldp
gfsupp_loader.code.tex
Package pgfplots: loading complementary code for your PGF version...

(/usr/share/texlive/texmf-dist/tex/generic/pgfplots/oldpgfcompatib/pgfplotsoldp
gfsupp_misc.code.tex)
(/usr/share/texlive/texmf-dist/tex/generic/pgfplots/oldpgfcompatib/pgfplotsoldp
gfsupp_pgfkeys.code.tex
\pgfkeys@pathtoks=\toks56
\pgfkeys@temptoks=\toks57

(/usr/share/texlive/texmf-dist/tex/generic/pgfplots/oldpgfcompatib/pgfplotsoldp
gfsupp_pgfkeysfiltered.code.tex
\pgfkeys@tmptoks=\toks58
))
(/usr/share/texlive/texmf-dist/tex/generic/pgfplots/oldpgfcompatib/pgfplotsoldp
gfsupp_pgfmathfloat.code.tex
\c@pgfmathroundto@lastzeros=\count171
)
(/usr/share/texlive/texmf-dist/tex/generic/pgfplots/oldpgfcompatib/pgfplotsoldp
gfsupp_pgflibraryplothandlers.code.tex
File: pgflibraryplothandlers.code.tex 2012/09/11 v2.10 (rcs-revision 1.17)
\pgf@plot@mark@count=\count172
\pgfplotmarksize=\dimen213
)
(/usr/share/texlive/texmf-dist/tex/generic/pgfplots/oldpgfcompatib/pgfplotsoldp
gfsupp_pgflibraryfpu.code.tex)
(/usr/share/texlive/texmf-dist/tex/generic/pgfplots/oldpgfcompatib/pgfplotsoldp
gfsupp_pgfcorescopes.code.tex
File: pgfcorescopes.code.tex 2012/11/30  (rcs-revision 1.38)
\pgfpic=\box49
\pgf@hbox=\box50
\pgf@layerbox@main=\box51
\pgf@picture@serial@count=\count173
)
(/usr/share/texlive/texmf-dist/tex/generic/pgfplots/oldpgfcompatib/pgfplotsoldp
gfsupp_pgfcorelayers.code.tex
File: pgfcorelayers.code.tex 2012/11/07  (rcs-revision 1.5)
))
(/usr/share/texlive/texmf-dist/tex/generic/pgfplots/util/pgfplotsutil.code.tex
(/usr/share/texlive/texmf-dist/tex/generic/pgfplots/liststructure/pgfplotslists
tructure.code.tex)
(/usr/share/texlive/texmf-dist/tex/generic/pgfplots/liststructure/pgfplotslists
tructureext.code.tex)
(/usr/share/texlive/texmf-dist/tex/generic/pgfplots/liststructure/pgfplotsarray
.code.tex
\c@pgfplotsarray@tmp=\count174
)
(/usr/share/texlive/texmf-dist/tex/generic/pgfplots/liststructure/pgfplotsmatri
x.code.tex)
(/usr/share/texlive/texmf-dist/tex/generic/pgfplots/numtable/pgfplotstableshare
d.code.tex
\c@pgfplotstable@counta=\count175
\t@pgfplotstable@a=\toks59
)
(/usr/share/texlive/texmf-dist/tex/generic/pgfplots/liststructure/pgfplotsdeque
.code.tex)
(/usr/share/texlive/texmf-dist/tex/generic/pgfplots/util/pgfplotsbinary.code.te
x
(/usr/share/texlive/texmf-dist/tex/generic/pgfplots/util/pgfplotsbinary.data.co
de.tex))
(/usr/share/texlive/texmf-dist/tex/generic/pgfplots/util/pgfplotsutil.verb.code
.tex)
(/usr/share/texlive/texmf-dist/tex/generic/pgfplots/libs/pgflibrarypgfplots.sur
fshading.code.tex
\c@pgfplotslibrarysurf@no=\count176

(/usr/share/texlive/texmf-dist/tex/generic/pgfplots/sys/pgflibrarypgfplots.surf
shading.pgfsys-pdftex.def)))
(/usr/share/texlive/texmf-dist/tex/generic/pgfplots/util/pgfplotscolormap.code.
tex
(/usr/share/texlive/texmf-dist/tex/generic/pgfplots/util/pgfplotscolor.code.tex
))
(/usr/share/texlive/texmf-dist/tex/generic/pgfplots/pgfplotsstackedplots.code.t
ex)
(/usr/share/texlive/texmf-dist/tex/generic/pgfplots/pgfplotsplothandlers.code.t
ex
(/usr/share/texlive/texmf-dist/tex/generic/pgfplots/pgfplotsmeshplothandler.cod
e.tex))
(/usr/share/texlive/texmf-dist/tex/generic/pgfplots/pgfplots.scaling.code.tex)
(/usr/share/texlive/texmf-dist/tex/generic/pgfplots/pgfplotscoordprocessing.cod
e.tex)
(/usr/share/texlive/texmf-dist/tex/generic/pgfplots/pgfplots.errorbars.code.tex
) (/usr/share/texlive/texmf-dist/tex/generic/pgfplots/pgfplots.markers.code.tex
) (/usr/share/texlive/texmf-dist/tex/generic/pgfplots/pgfplotsticks.code.tex)
(/usr/share/texlive/texmf-dist/tex/generic/pgfplots/pgfplots.paths.code.tex)
(/usr/share/texmf/tex/generic/pgf/frontendlayer/tikz/libraries/tikzlibrarydecor
ations.code.tex
(/usr/share/texmf/tex/generic/pgf/modules/pgfmoduledecorations.code.tex
\pgfdecoratedcompleteddistance=\dimen214
\pgfdecoratedremainingdistance=\dimen215
\pgfdecoratedinputsegmentcompleteddistance=\dimen216
\pgfdecoratedinputsegmentremainingdistance=\dimen217
\pgf@decorate@distancetomove=\dimen218
\pgf@decorate@repeatstate=\count177
\pgfdecorationsegmentamplitude=\dimen219
\pgfdecorationsegmentlength=\dimen220
)
\tikz@lib@dec@box=\box52
)
(/usr/share/texmf/tex/generic/pgf/frontendlayer/tikz/libraries/tikzlibrarydecor
ations.pathmorphing.code.tex
(/usr/share/texmf/tex/generic/pgf/libraries/decorations/pgflibrarydecorations.p
athmorphing.code.tex))
(/usr/share/texmf/tex/generic/pgf/frontendlayer/tikz/libraries/tikzlibrarydecor
ations.pathreplacing.code.tex
(/usr/share/texmf/tex/generic/pgf/libraries/decorations/pgflibrarydecorations.p
athreplacing.code.tex))
\pgfplots@numplots=\count178
\pgfplots@xmin@reg=\dimen221
\pgfplots@xmax@reg=\dimen222
\pgfplots@ymin@reg=\dimen223
\pgfplots@ymax@reg=\dimen224
\pgfplots@zmin@reg=\dimen225
\pgfplots@zmax@reg=\dimen226
)
(/usr/share/texmf/tex/generic/pgf/frontendlayer/tikz/libraries/tikzlibraryplotm
arks.code.tex
File: tikzlibraryplotmarks.code.tex 2008/01/09 v2.10 (rcs-revision 1.1)

(/usr/share/texmf/tex/generic/pgf/libraries/pgflibraryplotmarks.code.tex
File: pgflibraryplotmarks.code.tex 2010/10/15 v2.10 (rcs-revision 1.12)
)))
(/usr/share/texlive/texmf-dist/tex/generic/pgfplots/numtable/pgfplotstable.code
.tex
(/usr/share/texlive/texmf-dist/tex/generic/pgfplots/numtable/pgfplotstable.colt
ype.code.tex)))
(/usr/share/texlive/texmf-dist/tex/latex/filecontents/filecontents.sty
Package: filecontents 2011/10/08 v1.3 Create an external file from within a LaT
eX document
)
(/usr/share/texlive/texmf-dist/tex/latex/psnfss/helvet.sty
Package: helvet 2005/04/12 PSNFSS-v9.2a (WaS) 
)
(/usr/share/texlive/texmf-dist/tex/latex/tools/tabularx.sty
Package: tabularx 1999/01/07 v2.07 `tabularx' package (DPC)
\TX@col@width=\dimen227
\TX@old@table=\dimen228
\TX@old@col=\dimen229
\TX@target=\dimen230
\TX@delta=\dimen231
\TX@cols=\count179
\TX@ftn=\toks60
)
(/usr/share/texlive/texmf-dist/tex/latex/soul/soul.sty
Package: soul 2003/11/17 v2.4 letterspacing/underlining (mf)
\SOUL@word=\toks61
\SOUL@lasttoken=\toks62
\SOUL@cmds=\toks63
\SOUL@buffer=\toks64
\SOUL@token=\toks65
\SOUL@spaceskip=\skip83
\SOUL@ttwidth=\dimen232
\SOUL@uldp=\dimen233
Normal \dimen register pool exhausted, switching to extended pool.
\SOUL@ulht=\dimen256
)
(/usr/share/texlive/texmf-dist/tex/latex/base/textcomp.sty
Package: textcomp 2005/09/27 v1.99g Standard LaTeX package
Package textcomp Info: Sub-encoding information:
(textcomp)               5 = only ISO-Adobe without \textcurrency
(textcomp)               4 = 5 + \texteuro
(textcomp)               3 = 4 + \textohm
(textcomp)               2 = 3 + \textestimated + \textcurrency
(textcomp)               1 = TS1 - \textcircled - \t
(textcomp)               0 = TS1 (full)
(textcomp)             Font families with sub-encoding setting implement
(textcomp)             only a restricted character set as indicated.
(textcomp)             Family '?' is the default used for unknown fonts.
(textcomp)             See the documentation for details.
Package textcomp Info: Setting ? sub-encoding to TS1/1 on input line 71.

(/usr/share/texlive/texmf-dist/tex/latex/base/ts1enc.def
File: ts1enc.def 2001/06/05 v3.0e (jk/car/fm) Standard LaTeX file
)
LaTeX Info: Redefining \oldstylenums on input line 266.
Package textcomp Info: Setting cmr sub-encoding to TS1/0 on input line 281.
Package textcomp Info: Setting cmss sub-encoding to TS1/0 on input line 282.
Package textcomp Info: Setting cmtt sub-encoding to TS1/0 on input line 283.
Package textcomp Info: Setting cmvtt sub-encoding to TS1/0 on input line 284.
Package textcomp Info: Setting cmbr sub-encoding to TS1/0 on input line 285.
Package textcomp Info: Setting cmtl sub-encoding to TS1/0 on input line 286.
Package textcomp Info: Setting ccr sub-encoding to TS1/0 on input line 287.
Package textcomp Info: Setting ptm sub-encoding to TS1/4 on input line 288.
Package textcomp Info: Setting pcr sub-encoding to TS1/4 on input line 289.
Package textcomp Info: Setting phv sub-encoding to TS1/4 on input line 290.
Package textcomp Info: Setting ppl sub-encoding to TS1/3 on input line 291.
Package textcomp Info: Setting pag sub-encoding to TS1/4 on input line 292.
Package textcomp Info: Setting pbk sub-encoding to TS1/4 on input line 293.
Package textcomp Info: Setting pnc sub-encoding to TS1/4 on input line 294.
Package textcomp Info: Setting pzc sub-encoding to TS1/4 on input line 295.
Package textcomp Info: Setting bch sub-encoding to TS1/4 on input line 296.
Package textcomp Info: Setting put sub-encoding to TS1/5 on input line 297.
Package textcomp Info: Setting uag sub-encoding to TS1/5 on input line 298.
Package textcomp Info: Setting ugq sub-encoding to TS1/5 on input line 299.
Package textcomp Info: Setting ul8 sub-encoding to TS1/4 on input line 300.
Package textcomp Info: Setting ul9 sub-encoding to TS1/4 on input line 301.
Package textcomp Info: Setting augie sub-encoding to TS1/5 on input line 302.
Package textcomp Info: Setting dayrom sub-encoding to TS1/3 on input line 303.
Package textcomp Info: Setting dayroms sub-encoding to TS1/3 on input line 304.

Package textcomp Info: Setting pxr sub-encoding to TS1/0 on input line 305.
Package textcomp Info: Setting pxss sub-encoding to TS1/0 on input line 306.
Package textcomp Info: Setting pxtt sub-encoding to TS1/0 on input line 307.
Package textcomp Info: Setting txr sub-encoding to TS1/0 on input line 308.
Package textcomp Info: Setting txss sub-encoding to TS1/0 on input line 309.
Package textcomp Info: Setting txtt sub-encoding to TS1/0 on input line 310.
Package textcomp Info: Setting lmr sub-encoding to TS1/0 on input line 311.
Package textcomp Info: Setting lmdh sub-encoding to TS1/0 on input line 312.
Package textcomp Info: Setting lmss sub-encoding to TS1/0 on input line 313.
Package textcomp Info: Setting lmssq sub-encoding to TS1/0 on input line 314.
Package textcomp Info: Setting lmvtt sub-encoding to TS1/0 on input line 315.
Package textcomp Info: Setting qhv sub-encoding to TS1/0 on input line 316.
Package textcomp Info: Setting qag sub-encoding to TS1/0 on input line 317.
Package textcomp Info: Setting qbk sub-encoding to TS1/0 on input line 318.
Package textcomp Info: Setting qcr sub-encoding to TS1/0 on input line 319.
Package textcomp Info: Setting qcs sub-encoding to TS1/0 on input line 320.
Package textcomp Info: Setting qpl sub-encoding to TS1/0 on input line 321.
Package textcomp Info: Setting qtm sub-encoding to TS1/0 on input line 322.
Package textcomp Info: Setting qzc sub-encoding to TS1/0 on input line 323.
Package textcomp Info: Setting qhvc sub-encoding to TS1/0 on input line 324.
Package textcomp Info: Setting futs sub-encoding to TS1/4 on input line 325.
Package textcomp Info: Setting futx sub-encoding to TS1/4 on input line 326.
Package textcomp Info: Setting futj sub-encoding to TS1/4 on input line 327.
Package textcomp Info: Setting hlh sub-encoding to TS1/3 on input line 328.
Package textcomp Info: Setting hls sub-encoding to TS1/3 on input line 329.
Package textcomp Info: Setting hlst sub-encoding to TS1/3 on input line 330.
Package textcomp Info: Setting hlct sub-encoding to TS1/5 on input line 331.
Package textcomp Info: Setting hlx sub-encoding to TS1/5 on input line 332.
Package textcomp Info: Setting hlce sub-encoding to TS1/5 on input line 333.
Package textcomp Info: Setting hlcn sub-encoding to TS1/5 on input line 334.
Package textcomp Info: Setting hlcw sub-encoding to TS1/5 on input line 335.
Package textcomp Info: Setting hlcf sub-encoding to TS1/5 on input line 336.
Package textcomp Info: Setting pplx sub-encoding to TS1/3 on input line 337.
Package textcomp Info: Setting pplj sub-encoding to TS1/3 on input line 338.
Package textcomp Info: Setting ptmx sub-encoding to TS1/4 on input line 339.
Package textcomp Info: Setting ptmj sub-encoding to TS1/4 on input line 340.
)
(/usr/share/texlive/texmf-dist/tex/latex/hyphenat/hyphenat.sty
Package: hyphenat 2009/09/02 v2.3c hyphenation utilities
\langwohyphens=\language3
LaTeX Info: Redefining \_ on input line 43.
)

LaTeX Warning: Overwriting file `./novel_mutations.csv'.

\openout15 = `novel_mutations.csv'.



LaTeX Warning: Overwriting file `./pooled_mutations.csv'.

\openout15 = `pooled_mutations.csv'.



LaTeX Warning: Overwriting file `./line_info.csv'.

\openout15 = `line_info.csv'.



LaTeX Warning: Overwriting file `./filtered_mutations.csv'.

\openout15 = `filtered_mutations.csv'.



LaTeX Warning: Overwriting file `./filtered_mutations2.csv'.

\openout15 = `filtered_mutations2.csv'.



LaTeX Warning: Overwriting file `./filtered_mutations3.csv'.

\openout15 = `filtered_mutations3.csv'.


(./thesis.aux)
\openout1 = `thesis.aux'.

LaTeX Font Info:    Checking defaults for OML/cmm/m/it on input line 281.
LaTeX Font Info:    ... okay on input line 281.
LaTeX Font Info:    Checking defaults for T1/cmr/m/n on input line 281.
LaTeX Font Info:    ... okay on input line 281.
LaTeX Font Info:    Checking defaults for OT1/cmr/m/n on input line 281.
LaTeX Font Info:    ... okay on input line 281.
LaTeX Font Info:    Checking defaults for OMS/cmsy/m/n on input line 281.
LaTeX Font Info:    ... okay on input line 281.
LaTeX Font Info:    Checking defaults for OMX/cmex/m/n on input line 281.
LaTeX Font Info:    ... okay on input line 281.
LaTeX Font Info:    Checking defaults for U/cmr/m/n on input line 281.
LaTeX Font Info:    ... okay on input line 281.
LaTeX Font Info:    Checking defaults for TS1/cmr/m/n on input line 281.
LaTeX Font Info:    Try loading font information for TS1+cmr on input line 281.

 (/usr/share/texlive/texmf-dist/tex/latex/base/ts1cmr.fd
File: ts1cmr.fd 1999/05/25 v2.5h Standard LaTeX font definitions
)
LaTeX Font Info:    ... okay on input line 281.

(/usr/share/texlive/texmf-dist/tex/context/base/supp-pdf.mkii
[Loading MPS to PDF converter (version 2006.09.02).]
\scratchcounter=\count180
\scratchdimen=\dimen257
\scratchbox=\box53
\nofMPsegments=\count181
\nofMParguments=\count182
\everyMPshowfont=\toks66
\MPscratchCnt=\count183
\MPscratchDim=\dimen258
\MPnumerator=\count184
\makeMPintoPDFobject=\count185
\everyMPtoPDFconversion=\toks67
)
Package caption Info: Begin \AtBeginDocument code.
Package caption Info: listings package is loaded.
Package caption Info: longtable package is loaded.
 (/usr/share/texlive/texmf-dist/tex/latex/caption/ltcaption.sty
Package: ltcaption 2013/02/03 v1.3-62 longtable captions (AR)
)
Package caption Info: rotating package is loaded.
Package caption Info: supertabular package is loaded.
Package caption Info: wrapfig package is loaded.
Package caption Info: End \AtBeginDocument code.
\c@lstlisting=\count186

ABD: EveryShipout initializing macros

Package pgfplots Warning: running in backwards compatibility mode (unsuitable t
ick labels; missing features). Consider writing \pgfplotsset{compat=1.9} into y
our preamble.
 on input line 281.

LaTeX Font Info:    Try loading font information for U+lasy on input line 283.
(/usr/share/texlive/texmf-dist/tex/latex/base/ulasy.fd
File: ulasy.fd 1998/08/17 v2.2e LaTeX symbol font definitions
)
LaTeX Font Info:    Try loading font information for U+msa on input line 283.

(/usr/share/texlive/texmf-dist/tex/latex/amsfonts/umsa.fd
File: umsa.fd 2013/01/14 v3.01 AMS symbols A
)
LaTeX Font Info:    Try loading font information for U+msb on input line 283.

(/usr/share/texlive/texmf-dist/tex/latex/amsfonts/umsb.fd
File: umsb.fd 2013/01/14 v3.01 AMS symbols B
) [1
Non-PDF special ignored!
Non-PDF special ignored!


{/var/lib/texmf/fonts/map/pdftex/updmap/pdftex.map}]
[2

] [3] [4

]
Underfull \hbox (badness 10000) in paragraph at lines 288--311

 []


Underfull \hbox (badness 10000) in paragraph at lines 288--311

 []


Underfull \hbox (badness 10000) in paragraph at lines 288--311

 []


Underfull \hbox (badness 10000) in paragraph at lines 288--311

 []


Underfull \hbox (badness 10000) in paragraph at lines 288--311

 []


Underfull \hbox (badness 10000) in paragraph at lines 288--311

 []


Underfull \hbox (badness 10000) in paragraph at lines 288--311

 []

[1


] [2

] (./thesis.toc [3] [4])
\tf@toc=\write5
\openout5 = `thesis.toc'.

 [5] [6

] (./thesis.lot)
\tf@lot=\write6
\openout6 = `thesis.lot'.

 [7] [8

] (./thesis.lof
Underfull \hbox (badness 10000) in paragraph at lines 3--3
 [][] []\OT1/cmr/m/n/12 Representative micrographs of fragmented and connected 

 []

)
\tf@lof=\write7
\openout7 = `thesis.lof'.

 [9] [10

] [11] [12

] [13] [14

] [1

]
Underfull \hbox (badness 1082) in paragraph at lines 376--384
\OT1/cmr/m/n/12 that phagocytosis is required for internalization has been seve
rely challenged
 []


Underfull \vbox (badness 1629) has occurred while \output is active []



Package Fancyhdr Warning: \headheight is too small (12.0pt): 
 Make it at least 14.49998pt.
 We now make it that large for the rest of the document.
 This may cause the page layout to be inconsistent, however.

[2]
Missing character: There is no √ in font cmr12!
Missing character: There is no º in font cmr12!

Underfull \hbox (badness 1215) in paragraph at lines 395--410
\OT1/cmr/m/n/12 relationship between archaeal and bacterial cells. Besides the 
insistence on
 []


Underfull \vbox (badness 1629) has occurred while \output is active []

 [3]
<../figures/origin_mitochondria.jpg, id=79, 322.97655pt x 401.64212pt>
File: ../figures/origin_mitochondria.jpg Graphic file (type jpg)

<use ../figures/origin_mitochondria.jpg>
Package pdftex.def Info: ../figures/origin_mitochondria.jpg used on input line 
432.
(pdftex.def)             Requested size: 322.97574pt x 401.64113pt.
Missing character: There is no √ in font cmr12!
Missing character: There is no º in font cmr12!

Underfull \vbox (badness 6893) has occurred while \output is active []

 [4 <../figures/origin_mitochondria.jpg>]
Missing character: There is no √ in font cmr12!
Missing character: There is no º in font cmr12!

Underfull \hbox (badness 1412) in paragraph at lines 458--470
\OT1/cmr/m/n/12 to intermediate forms, emphasizes the dynamism of mitochondrial
 evolution.
 []


Underfull \vbox (badness 10000) has occurred while \output is active []

 [5]
[6] <../figures/cristae_logan_2006_edit.jpg, id=92, 652.4375pt x 619.31375pt>
File: ../figures/cristae_logan_2006_edit.jpg Graphic file (type jpg)

<use ../figures/cristae_logan_2006_edit.jpg>
Package pdftex.def Info: ../figures/cristae_logan_2006_edit.jpg used on input l
ine 499.
(pdftex.def)             Requested size: 260.97037pt x 247.72112pt.
 [7 <../figures/cristae_logan_2006_edit.jpg>] <../figures/network_topology.png,
 id=97, 610.28pt x 288.07625pt>
File: ../figures/network_topology.png Graphic file (type png)

<use ../figures/network_topology.png>
Package pdftex.def Info: ../figures/network_topology.png used on input line 518
.
(pdftex.def)             Requested size: 427.19308pt x 201.65198pt.

Underfull \hbox (badness 1371) in paragraph at lines 531--541
\OT1/cmr/m/n/12 aerobic respiratory processes, such as $\OML/cmm/m/it/12 ^^L$\O
T1/cmr/m/n/12 -oxidation, the citric acid cycle and
 []


Underfull \hbox (badness 1389) in paragraph at lines 531--541
\OT1/cmr/m/n/12 FADH$[]$ (flavin adenine dinucleotide), produced by the citric 
acid cycle and
 []

[8 <../figures/network_topology.png>]
Underfull \vbox (badness 1629) has occurred while \output is active []

 [9]
LaTeX Font Info:    Try loading font information for OT1+phv on input line 567.


(/usr/share/texlive/texmf-dist/tex/latex/psnfss/ot1phv.fd
File: ot1phv.fd 2001/06/04 scalable font definitions for OT1/phv.
)
LaTeX Font Info:    Font shape `OT1/phv/bx/n' in size <10.95> not available
(Font)              Font shape `OT1/phv/b/n' tried instead on input line 567.

<../figures/mtdna_nass_1966.jpg, id=106, 295.1025pt x 453.19313pt>
File: ../figures/mtdna_nass_1966.jpg Graphic file (type jpg)

<use ../figures/mtdna_nass_1966.jpg>
Package pdftex.def Info: ../figures/mtdna_nass_1966.jpg used on input line 568.

(pdftex.def)             Requested size: 156.09975pt x 239.72789pt.

<../figures/mtdna_map_schon_2012.jpg, id=107, 478.78876pt x 480.79625pt>
File: ../figures/mtdna_map_schon_2012.jpg Graphic file (type jpg)

<use ../figures/mtdna_map_schon_2012.jpg>
Package pdftex.def Info: ../figures/mtdna_map_schon_2012.jpg used on input line
 574.
(pdftex.def)             Requested size: 234.15558pt x 235.13736pt.

Underfull \vbox (badness 10000) has occurred while \output is active []

 [10 <../figures/mtdna_nass_1966.jpg> <../figures/mtdna_map_schon_2012.jpg>]
Underfull \hbox (badness 1009) in paragraph at lines 600--606
\OT1/cmr/m/n/12 Animal mtDNA is predominantly propagated by uniparental inherit
ance with
 []

[11]
Missing character: There is no ƒ in font cmr12!
Missing character: There is no ç in font cmr12!
Missing character: There is no ƒ in font cmr12!
Missing character: There is no á in font cmr12!

Underfull \vbox (badness 1629) has occurred while \output is active []

 [12]
Missing character: There is no √ in font cmr12!
Missing character: There is no © in font cmr12!

Underfull \vbox (badness 10000) has occurred while \output is active []

 [13]
Underfull \hbox (badness 1184) in paragraph at lines 704--712
[]\OT1/cmr/m/n/12 The question of mitochondrial recombination is of particular 
relevance in
 []


Underfull \hbox (badness 1596) in paragraph at lines 704--712
\OT1/cmr/m/n/12 without recombination seemingly have no mechanism for purging d
eleterious
 []


Underfull \vbox (badness 1629) has occurred while \output is active []

 [14]
Underfull \vbox (badness 1629) has occurred while \output is active []

 [15]
<../figures/cao_bottleneck_a.jpg, id=129, 178.6675pt x 351.3125pt>
File: ../figures/cao_bottleneck_a.jpg Graphic file (type jpg)

<use ../figures/cao_bottleneck_a.jpg>
Package pdftex.def Info: ../figures/cao_bottleneck_a.jpg used on input line 741
.
(pdftex.def)             Requested size: 108.405pt x 213.1585pt.

<../figures/cao_bottleneck_b.jpg, id=130, 175.65625pt x 351.3125pt>
File: ../figures/cao_bottleneck_b.jpg Graphic file (type jpg)

<use ../figures/cao_bottleneck_b.jpg>
Package pdftex.def Info: ../figures/cao_bottleneck_b.jpg used on input line 747
.
(pdftex.def)             Requested size: 99.73404pt x 199.47292pt.

Underfull \hbox (badness 2020) in paragraph at lines 755--761
[]\OT1/cmr/m/n/12 A recent study in rhesus macaques provides evidence for an ad
ditional
 []


Underfull \hbox (badness 1072) in paragraph at lines 755--761
\OT1/cmr/m/n/12 mitochondrial bottleneck present during somatic development. He
teroplasmic
 []

[16 <../figures/cao_bottleneck_a.jpg> <../figures/cao_bottleneck_b.jpg>]
Underfull \vbox (badness 10000) has occurred while \output is active []

 [17]
Missing character: There is no √ in font cmr12!
Missing character: There is no ™ in font cmr12!

Underfull \hbox (badness 1308) in paragraph at lines 802--811
[]\OT1/cmr/m/n/12 Some of the core assumptions of the original molecular clock 
hypothesis
 []


Underfull \vbox (badness 10000) has occurred while \output is active []

 [18]
Missing character: There is no √ in font cmr12!
Missing character: There is no ≥ in font cmr12!

Underfull \vbox (badness 1629) has occurred while \output is active []

 [19]
Underfull \vbox (badness 1629) has occurred while \output is active []

 [20]
Underfull \vbox (badness 1629) has occurred while \output is active []

 [21]
<../figures/nuc_mit_rate_comparison.jpeg, id=151, 712.6625pt x 195.73125pt>
File: ../figures/nuc_mit_rate_comparison.jpeg Graphic file (type jpg)

<use ../figures/nuc_mit_rate_comparison.jpeg>
Package pdftex.def Info: ../figures/nuc_mit_rate_comparison.jpeg used on input 
line 895.
(pdftex.def)             Requested size: 427.6008pt x 117.43964pt.


LaTeX Warning: `h' float specifier changed to `ht'.

[22] <../figures/daphnia_life_cycle.jpg, id=155, 469.755pt x 482.80376pt>
File: ../figures/daphnia_life_cycle.jpg Graphic file (type jpg)

<use ../figures/daphnia_life_cycle.jpg>
Package pdftex.def Info: ../figures/daphnia_life_cycle.jpg used on input line 9
20.
(pdftex.def)             Requested size: 328.82626pt x 337.96033pt.


LaTeX Warning: `!h' float specifier changed to `!ht'.


Underfull \vbox (badness 10000) has occurred while \output is active []

 [23 <../figures/nuc_mit_rate_comparison.jpeg>] [24 <../figures/daphnia_life_cy
cle.jpg>]
PGFPlots: reading {line_info.csv}
LaTeX Font Info:    Font shape `OT1/phv/bx/n' in size <8> not available
(Font)              Font shape `OT1/phv/b/n' tried instead on input line 955.


LaTeX Font Warning: Font shape `OT1/phv//n' undefined
(Font)              using `OT1/phv/m/n' instead on input line 955.

[25

] <../figures/pipeline_figure.png, id=169, 1638.12pt x 2119.92pt>
File: ../figures/pipeline_figure.png Graphic file (type png)

<use ../figures/pipeline_figure.png>
Package pdftex.def Info: ../figures/pipeline_figure.png used on input line 979.

(pdftex.def)             Requested size: 433.62pt x 561.16153pt.
 [26] [27 <../figures/pipeline_figure.png (PNG copy)>]
Missing character: There is no √ in font cmr12!
Missing character: There is no ∂ in font cmr12!

Underfull \vbox (badness 10000) has occurred while \output is active []

 [28]
<../figures/igv_panel.png, id=179, 940.51375pt x 302.12875pt>
File: ../figures/igv_panel.png Graphic file (type png)

<use ../figures/igv_panel.png>
Package pdftex.def Info: ../figures/igv_panel.png used on input line 1032.
(pdftex.def)             Requested size: 433.62pt x 139.29439pt.

Underfull \vbox (badness 6332) has occurred while \output is active []

 [29 <../figures/igv_panel.png>] [30] [31] [32

]
<../figures/LIN_coverage.jpeg, id=197, 602.25pt x 240.9pt>
File: ../figures/LIN_coverage.jpeg Graphic file (type jpg)

<use ../figures/LIN_coverage.jpeg>
Package pdftex.def Info: ../figures/LIN_coverage.jpeg used on input line 1096.
(pdftex.def)             Requested size: 433.62pt x 173.4552pt.

<../figures/TCO_coverage.jpeg, id=198, 602.25pt x 240.9pt>
File: ../figures/TCO_coverage.jpeg Graphic file (type jpg)

<use ../figures/TCO_coverage.jpeg>
Package pdftex.def Info: ../figures/TCO_coverage.jpeg used on input line 1103.
(pdftex.def)             Requested size: 433.62pt x 173.4552pt.


LaTeX Warning: `!h' float specifier changed to `!ht'.

[33]
PGFPlots: reading {novel_mutations.csv}

Overfull \hbox (5.0041pt too wide) in paragraph at lines 1128--1129
 [] 
 []


LaTeX Warning: `!h' float specifier changed to `!ht'.

<../figures/var_circos.png, id=203, 1286.8878pt x 602.25pt>
File: ../figures/var_circos.png Graphic file (type png)

<use ../figures/var_circos.png>
Package pdftex.def Info: ../figures/var_circos.png used on input line 1136.
(pdftex.def)             Requested size: 650.43pt x 304.39574pt.

Underfull \vbox (badness 10000) has occurred while \output is active []

 [34 <../figures/LIN_coverage.jpeg> <../figures/TCO_coverage.jpeg>] [35 <../fig
ures/var_circos.png>] [36]
PGFPlots: reading {pooled_mutations.csv}
LaTeX Font Info:    Font shape `OT1/phv/bx/n' in size <6> not available
(Font)              Font shape `OT1/phv/b/n' tried instead on input line 1191.
LaTeX Font Info:    Font shape `OT1/phv/bx/n' in size <5> not available
(Font)              Font shape `OT1/phv/b/n' tried instead on input line 1191.
LaTeX Font Info:    Try loading font information for TS1+phv on input line 1191
.
 (/usr/share/texlive/texmf-dist/tex/latex/psnfss/ts1phv.fd
File: ts1phv.fd 2001/06/04 scalable font definitions for TS1/phv.
)
LaTeX Font Info:    Font shape `TS1/phv/bx/n' in size <8> not available
(Font)              Font shape `TS1/phv/b/n' tried instead on input line 1191.
LaTeX Font Info:    Font shape `U/lasy/b/n' in size <8> not available
(Font)              Font shape `U/lasy/m/n' tried instead on input line 1191.
LaTeX Font Info:    Font shape `U/lasy/b/n' in size <6> not available
(Font)              Font shape `U/lasy/m/n' tried instead on input line 1191.
LaTeX Font Info:    Font shape `U/lasy/b/n' in size <5> not available
(Font)              Font shape `U/lasy/m/n' tried instead on input line 1191.

[37]
Missing character: There is no √ in font cmr12!
Missing character: There is no © in font cmr12!
Missing character: There is no √ in font cmr12!
Missing character: There is no © in font cmr12!

Underfull \vbox (badness 10000) has occurred while \output is active []

 [38]
<../figures/allele_freq_cutoff.png, id=224, 890.6073pt x 325.215pt>
File: ../figures/allele_freq_cutoff.png Graphic file (type png)

<use ../figures/allele_freq_cutoff.png>
Package pdftex.def Info: ../figures/allele_freq_cutoff.png used on input line 1
236.
(pdftex.def)             Requested size: 433.62pt x 158.33945pt.

Underfull \hbox (badness 2608) in paragraph at lines 1243--1253
\OT1/cmr/m/n/12 Despite the similarity in \TS1/cmr/m/n/12 µ \OT1/cmr/m/n/12 bet
ween genotypes, many more low frequency
 []


Underfull \hbox (badness 1033) in paragraph at lines 1243--1253
\OT1/cmr/m/n/12 observation was validated by examining the the distributions of
 minor allele
 []


Underfull \vbox (badness 10000) has occurred while \output is active []

 [39 <../figures/allele_freq_cutoff.png>]
<../figures/maf_distribution.jpeg, id=229, 602.25pt x 361.35pt>
File: ../figures/maf_distribution.jpeg Graphic file (type jpg)

<use ../figures/maf_distribution.jpeg>
Package pdftex.def Info: ../figures/maf_distribution.jpeg used on input line 12
58.
(pdftex.def)             Requested size: 361.35278pt x 216.81168pt.


LaTeX Warning: `!h' float specifier changed to `!ht'.

[40] <../figures/lin_all_shift.jpeg, id=233, 602.25pt x 240.9pt>
File: ../figures/lin_all_shift.jpeg Graphic file (type jpg)

<use ../figures/lin_all_shift.jpeg>
Package pdftex.def Info: ../figures/lin_all_shift.jpeg used on input line 1284.

(pdftex.def)             Requested size: 433.62pt x 173.4552pt.

<../figures/tco_all_shift.jpeg, id=234, 602.25pt x 240.9pt>
File: ../figures/tco_all_shift.jpeg Graphic file (type jpg)

<use ../figures/tco_all_shift.jpeg>
Package pdftex.def Info: ../figures/tco_all_shift.jpeg used on input line 1291.

(pdftex.def)             Requested size: 433.62pt x 173.4552pt.


LaTeX Warning: `!h' float specifier changed to `!ht'.

[41 <../figures/maf_distribution.jpeg>]
Underfull \vbox (badness 1917) has occurred while \output is active []

 [42 <../figures/lin_all_shift.jpeg> <../figures/tco_all_shift.jpeg>]
<../figures/numt_blast.jpeg, id=241, 1308.89pt x 921.4425pt>
File: ../figures/numt_blast.jpeg Graphic file (type jpg)

<use ../figures/numt_blast.jpeg>
Package pdftex.def Info: ../figures/numt_blast.jpeg used on input line 1318.
(pdftex.def)             Requested size: 433.62pt x 305.25801pt.


LaTeX Warning: `h' float specifier changed to `ht'.


Underfull \vbox (badness 10000) has occurred while \output is active []

 [43]
Underfull \vbox (badness 10000) has occurred while \output is active []

 [44 <../figures/numt_blast.jpeg>] [45] [46

] [47]
Overfull \hbox (14.78241pt too wide) in paragraph at lines 1435--1436
[][][][][][][][][][][][][][][][][][][][][][][][][][][][][][][][][][][][][][][][
][][][][][][][][][][][][][][][][][][][][][][][][][][][][][][][][][][][][][][][]
[][][][][][][][][][][][][][][][][][][][][][][][][][][][][][][][][][][][][][][] 
 
 []


Overfull \hbox (28.5794pt too wide) in paragraph at lines 1436--1437
[][][][][][][][][][][][][][][][][][][][][][][][][][][][][][][][][][][][][][][][
][][][][][][][][][][][][][][][][][][][][][][][][][][][][][][][][][][][][][][][]
[][][][][][][][][][][][][][][][][][][][][][][][][][][][][][][][][][][][][][][][
][]  
 []

[48]
PGFPlots: reading {filtered_mutations.csv}
PGFPlots: reading {filtered_mutations2.csv}


LaTeX Warning: `!h' float specifier changed to `!ht'.

PGFPlots: reading {filtered_mutations3.csv}
[49]

LaTeX Warning: `!h' float specifier changed to `!ht'.


Underfull \vbox (badness 10000) has occurred while \output is active []

 [50]

LaTeX Warning: Text page 51 contains only floats.


Underfull \vbox (badness 1484) has occurred while \output is active []

 [51]
<../appendix_code/mutation_rate.png, id=272, 613.5723pt x 794.2473pt>
File: ../appendix_code/mutation_rate.png Graphic file (type png)

<use ../appendix_code/mutation_rate.png>
Package pdftex.def Info: ../appendix_code/mutation_rate.png used on input line 
1480.
(pdftex.def)             Requested size: 390.25534pt x 505.17766pt.

<../appendix_code/allele_freq_shifts.png, id=273, 613.5723pt x 748.7172pt>
File: ../appendix_code/allele_freq_shifts.png Graphic file (type png)

<use ../appendix_code/allele_freq_shifts.png>
Package pdftex.def Info: ../appendix_code/allele_freq_shifts.png used on input 
line 1485.
(pdftex.def)             Requested size: 433.62pt x 529.12524pt.

Underfull \hbox (badness 10000) in paragraph at lines 1485--1486

 []


Underfull \vbox (badness 10000) has occurred while \output is active []

 [52 <../appendix_code/mutation_rate.png>] [53 <../appendix_code/allele_freq_sh
ifts.png>]
[54

] (./thesis.bbl
Missing character: There is no √ in font cmr12!
Missing character: There is no ∂ in font cmr12!
 [55

]
Missing character: There is no ‚ in font cmr12!
Missing character: There is no Ä in font cmr12!
Missing character: There is no ì in font cmr12!
Missing character: There is no √ in font cmr12!
Missing character: There is no ≥ in font cmr12!
Missing character: There is no ‚ in font cmr12!
Missing character: There is no ñ in font cmr12!
Missing character: There is no ø in font cmr12!
Missing character: There is no √ in font cmti12!
Missing character: There is no º in font cmti12!

Underfull \hbox (badness 1009) in paragraph at lines 138--142
\OT1/cmr/m/n/12 omelianskii, a symbiotic association of two species of bacteria
.  \OT1/cmr/m/it/12 Archiv fr
 []

[56]
Underfull \hbox (badness 1009) in paragraph at lines 174--178
[]\OT1/cmr/m/n/12 Charlesworth, B., Morgan, M. T., & Charlesworth, D. (1993).  
The Effect
 []

Missing character: There is no √ in font cmr12!
Missing character: There is no ° in font cmr12!
Missing character: There is no √ in font cmr12!
Missing character: There is no ° in font cmr12!
Missing character: There is no √ in font cmr12!
Missing character: There is no ∂ in font cmr12!
Missing character: There is no √ in font cmr12!
Missing character: There is no º in font cmr12!
[57]
Missing character: There is no ‚ in font cmr12!
Missing character: There is no Ä in font cmr12!
Missing character: There is no ì in font cmr12!
Missing character: There is no √ in font cmr12!
Missing character: There is no ≥ in font cmr12!
Missing character: There is no √ in font cmr12!
Missing character: There is no © in font cmr12!
Missing character: There is no √ in font cmr12!
Missing character: There is no © in font cmr12!
Missing character: There is no √ in font cmr12!
Missing character: There is no ≥ in font cmr12!
Missing character: There is no √ in font cmr12!
Missing character: There is no § in font cmr12!
Missing character: There is no √ in font cmr12!
Missing character: There is no § in font cmr12!
Missing character: There is no √ in font cmr12!
Missing character: There is no § in font cmr12!
Missing character: There is no √ in font cmr12!
Missing character: There is no ∏ in font cmr12!
 [58]
Underfull \hbox (badness 1661) in paragraph at lines 331--336
\OT1/cmr/m/it/12 Neurotherapeutics: The Journal of the American Society for Exp
erimental
 []


Underfull \hbox (badness 1009) in paragraph at lines 345--350
\OT1/cmr/m/n/12 Mitochondria and hydrogenosomes are two forms of the same funda
mental
 []

[59]
Missing character: There is no √ in font cmr12!
Missing character: There is no ≥ in font cmr12!
Missing character: There is no √ in font cmr12!
Missing character: There is no ° in font cmr12!
Missing character: There is no √ in font cmr12!
Missing character: There is no § in font cmr12!
Missing character: There is no √ in font cmr12!
Missing character: There is no § in font cmr12!
 [60]
Underfull \hbox (badness 1348) in paragraph at lines 464--469
[]\OT1/cmr/m/n/12 Haag-Liautard, C., Dorris, M., Maside, X., Macaskill, S., Hal
ligan, D. L.,
 []

[61]
Missing character: There is no √ in font cmr12!
Missing character: There is no ™ in font cmr12!
 [62]
Underfull \hbox (badness 2393) in paragraph at lines 587--592
[]\OT1/cmr/m/n/12 Iwabe, N., Kuma, K., Hasegawa, M., Osawa, S., & Miyata, T. (1
989).
 []

Missing character: There is no √ in font cmr12!
Missing character: There is no ≥ in font cmr12!
[63]
Missing character: There is no √ in font cmr12!
Missing character: There is no • in font cmr12!
 [64]
Missing character: There is no √ in font cmr12!
Missing character: There is no ® in font cmr12!
Missing character: There is no √ in font cmr12!
Missing character: There is no ∂ in font cmr12!
Missing character: There is no ‚ in font cmr12!
Missing character: There is no Ä in font cmr12!
Missing character: There is no ì in font cmr12!
Missing character: There is no √ in font cmr12!
Missing character: There is no º in font cmr12!
 [65]
Missing character: There is no ‚ in font cmr12!
Missing character: There is no Ä in font cmr12!
Missing character: There is no ô in font cmr12!
Missing character: There is no √ in font cmr12!
Missing character: There is no ° in font cmr12!
Missing character: There is no ‚ in font cmr12!
Missing character: There is no Ä in font cmr12!
Missing character: There is no ú in font cmr12!
Missing character: There is no ‚ in font cmr12!
Missing character: There is no Ä in font cmr12!
Missing character: There is no ù in font cmr12!
Missing character: There is no ‚ in font cmr12!
Missing character: There is no Ä in font cmr12!
Missing character: There is no ì in font cmr12!
 [66]
Missing character: There is no √ in font cmr12!
Missing character: There is no º in font cmr12!
Missing character: There is no √ in font cmr12!
Missing character: There is no © in font cmr12!
Missing character: There is no ‚ in font cmr12!
Missing character: There is no Ä in font cmr12!
Missing character: There is no ì in font cmr12!
Missing character: There is no √ in font cmr12!
Missing character: There is no ∏ in font cmr12!
 [67]
Missing character: There is no √ in font cmr12!
Missing character: There is no º in font cmr12!
Missing character: There is no √ in font cmr12!
Missing character: There is no © in font cmr12!
Missing character: There is no ‚ in font cmr12!
Missing character: There is no Ä in font cmr12!
Missing character: There is no î in font cmr12!
Missing character: There is no √ in font cmr12!
Missing character: There is no ∂ in font cmr12!
Missing character: There is no √ in font cmr12!
Missing character: There is no § in font cmr12!
 [68] [69]
Missing character: There is no ƒ in font cmr12!
Missing character: There is no ç in font cmr12!
Missing character: There is no ƒ in font cmr12!
Missing character: There is no á in font cmr12!
Missing character: There is no ƒ in font cmr12!
Missing character: There is no á in font cmr12!
Missing character: There is no √ in font cmr12!
Missing character: There is no ≥ in font cmr12!
 [70]
Missing character: There is no √ in font cmr12!
Missing character: There is no ∂ in font cmr12!
 [71]
Underfull \hbox (badness 1147) in paragraph at lines 1265--1268
[]\OT1/cmr/m/n/12 Shendure, J., & Ji, H. (2008).  Next-generation DNA sequencin
g.  \OT1/cmr/m/it/12 Nature
 []

Missing character: There is no √ in font cmr12!
Missing character: There is no © in font cmr12!
[72]
Missing character: There is no √ in font cmr12!
Missing character: There is no © in font cmr12!
 [73]
Missing character: There is no √ in font cmr12!
Missing character: There is no º in font cmr12!

Underfull \hbox (badness 2435) in paragraph at lines 1424--1431
\OT1/cmr/m/n/12 Significance.  In D. W. F. Martin, & D. M. Mller (Eds.), \OT1/c
mr/m/it/12 Origin of
 []

[74]
Missing character: There is no Œ in font cmr12!
Missing character: There is no ≤ in font cmr12!
Missing character: There is no Œ in font cmr12!
Missing character: There is no ≥ in font cmr12!

Underfull \hbox (badness 1348) in paragraph at lines 1475--1479
\OT1/cmr/m/n/12 -proteobacterial endosymbionts contain -proteobacterial symbion
ts.  \OT1/cmr/m/it/12 Nature\OT1/cmr/m/n/12 ,
 []

Missing character: There is no √ in font cmr12!
Missing character: There is no ® in font cmr12!
Missing character: There is no √ in font cmr12!
Missing character: There is no ∂ in font cmr12!
[75] [76]
Missing character: There is no √ in font cmr12!
Missing character: There is no ® in font cmr12!
Missing character: There is no √ in font cmr12!
Missing character: There is no º in font cmr12!
Missing character: There is no ‚ in font cmr12!
Missing character: There is no Ä in font cmr12!
Missing character: There is no ô in font cmr12!
 [77])

Package glossaries Warning: \makeglossaries hasn't been used,
the glossaries will not be updated.


Package glossaries Warning: No \printglossary or \printglossaries found.
This document will not have a glossary.

[78] (./thesis.aux)

LaTeX Font Warning: Some font shapes were not available, defaults substituted.

 ) 
Here is how much of TeX's memory you used:
 28714 strings out of 495028
 616560 string characters out of 6181496
 915922 words of memory out of 5000000
 31211 multiletter control sequences out of 15000+600000
 26871 words of font info for 84 fonts, out of 8000000 for 9000
 14 hyphenation exceptions out of 8191
 57i,16n,76p,1808b,1467s stack positions out of 5000i,500n,10000p,200000b,80000s
 </home/fen/texmf/fonts/pk/ljfour/jknappen/ec/tcrm1200.600pk>{/usr/share/texl
ive/texmf-dist/fonts/enc/dvips/base/8r.enc}</usr/share/texlive/texmf-dist/fonts
/type1/public/amsfonts/cm/cmbx10.pfb></usr/share/texlive/texmf-dist/fonts/type1
/public/amsfonts/cm/cmbx12.pfb></usr/share/texlive/texmf-dist/fonts/type1/publi
c/amsfonts/cm/cmbxti10.pfb></usr/share/texlive/texmf-dist/fonts/type1/public/am
sfonts/cm/cmex10.pfb></usr/share/texlive/texmf-dist/fonts/type1/public/amsfonts
/cm/cmmi10.pfb></usr/share/texlive/texmf-dist/fonts/type1/public/amsfonts/cm/cm
mi12.pfb></usr/share/texlive/texmf-dist/fonts/type1/public/amsfonts/cm/cmmi7.pf
b></usr/share/texlive/texmf-dist/fonts/type1/public/amsfonts/cm/cmmi8.pfb></usr
/share/texlive/texmf-dist/fonts/type1/public/amsfonts/cmextra/cmmib6.pfb></usr/
share/texlive/texmf-dist/fonts/type1/public/amsfonts/cm/cmr10.pfb></usr/share/t
exlive/texmf-dist/fonts/type1/public/amsfonts/cm/cmr12.pfb></usr/share/texlive/
texmf-dist/fonts/type1/public/amsfonts/cm/cmr6.pfb></usr/share/texlive/texmf-di
st/fonts/type1/public/amsfonts/cm/cmr8.pfb></usr/share/texlive/texmf-dist/fonts
/type1/public/amsfonts/cm/cmsl12.pfb></usr/share/texlive/texmf-dist/fonts/type1
/public/amsfonts/cm/cmsy10.pfb></usr/share/texlive/texmf-dist/fonts/type1/publi
c/amsfonts/cm/cmsy6.pfb></usr/share/texlive/texmf-dist/fonts/type1/public/amsfo
nts/cm/cmsy8.pfb></usr/share/texlive/texmf-dist/fonts/type1/public/amsfonts/cm/
cmti10.pfb></usr/share/texlive/texmf-dist/fonts/type1/public/amsfonts/cm/cmti12
.pfb></usr/share/texlive/texmf-dist/fonts/type1/public/amsfonts/cm/cmtt10.pfb><
/usr/share/texlive/texmf-dist/fonts/type1/urw/helvetic/uhvb8a.pfb></usr/share/t
exlive/texmf-dist/fonts/type1/urw/helvetic/uhvr8a.pfb>
Output written on thesis.pdf (96 pages, 4831605 bytes).
PDF statistics:
 439 PDF objects out of 1000 (max. 8388607)
 288 compressed objects within 3 object streams
 0 named destinations out of 1000 (max. 500000)
 118 words of extra memory for PDF output out of 10000 (max. 10000000)

